<?xml version="1.0" encoding="UTF-8"?>
<!-- Generated by org.testng.reporters.JUnitReportReporter -->
<testsuite hostname="LAPTOP-J2DL21N1" failures="0" tests="1" name="testcases.TestSkip" time="0.012" errors="0" timestamp="2023-06-30T15:57:17 SELÄŒ" skipped="1">
  <testcase classname="testcases.TestSkip" name="isSkip" time="0.012">
    <skipped/>
  </testcase> <!-- isSkip -->
</testsuite> <!-- testcases.TestSkip -->
